#
# There is insufficient memory for the Java Runtime Environment to continue.
# Native memory allocation (mmap) failed to map 65536 bytes for Failed to commit metaspace.
# Possible reasons:
#   The system is out of physical RAM or swap space
#   The process is running with CompressedOops enabled, and the Java Heap may be blocking the growth of the native heap
# Possible solutions:
#   Reduce memory load on the system
#   Increase physical memory or swap space
#   Check if swap backing store is full
#   Decrease Java heap size (-Xmx/-Xms)
#   Decrease number of Java threads
#   Decrease Java thread stack sizes (-Xss)
#   Set larger code cache with -XX:ReservedCodeCacheSize=
#   JVM is running with Unscaled Compressed Oops mode in which the Java heap is
#     placed in the first 4GB address space. The Java Heap base address is the
#     maximum limit for the native heap growth. Please use -XX:HeapBaseMinAddress
#     to set the Java Heap base and to place the Java Heap above 4GB virtual address.
# This output file may be truncated or incomplete.
#
#  Out of Memory Error (virtualSpaceNode.cpp:110), pid=13084, tid=4084
#
# JRE version: OpenJDK Runtime Environment Temurin-17.0.4.1+1 (17.0.4.1+1) (build 17.0.4.1+1)
# Java VM: OpenJDK 64-Bit Server VM Temurin-17.0.4.1+1 (17.0.4.1+1, mixed mode, tiered, compressed oops, compressed class ptrs, g1 gc, windows-amd64)
# No core dump will be written. Minidumps are not enabled by default on client versions of Windows
#

---------------  S U M M A R Y ------------

Command Line: -Dfile.encoding=UTF-8 -XX:+ShowCodeDetailsInExceptionMessages com.stir.cscu9t4practical1.TrainingRecordGUI

Host: Intel(R) Core(TM) i3-7100U CPU @ 2.40GHz, 4 cores, 5G,  Windows 10 , 64 bit Build 19041 (10.0.19041.2546)
Time: Fri Mar 31 23:34:26 2023 Arabian Standard Time elapsed time: 0.568724 seconds (0d 0h 0m 0s)

---------------  T H R E A D  ---------------

Current thread (0x000002aec58eecd0):  JavaThread "main" [_thread_in_vm, id=4084, stack(0x000000c8d4500000,0x000000c8d4600000)]

Stack: [0x000000c8d4500000,0x000000c8d4600000]
Native frames: (J=compiled Java code, j=interpreted, Vv=VM code, C=native code)
V  [jvm.dll+0x67731a]
V  [jvm.dll+0x832284]
V  [jvm.dll+0x833a2e]
V  [jvm.dll+0x834093]
V  [jvm.dll+0x245775]
V  [jvm.dll+0x82e22b]
V  [jvm.dll+0x61bdf6]
V  [jvm.dll+0x61be5a]
V  [jvm.dll+0x61e67a]
V  [jvm.dll+0x61c796]
V  [jvm.dll+0x23b260]
V  [jvm.dll+0x1eafbd]
V  [jvm.dll+0x1e09f1]
V  [jvm.dll+0x53c910]
V  [jvm.dll+0x1f11e7]
V  [jvm.dll+0x7ac56b]
V  [jvm.dll+0x7ad912]
V  [jvm.dll+0x7ae0a9]
V  [jvm.dll+0x1eb804]
V  [jvm.dll+0x1e0a0a]
V  [jvm.dll+0x53c910]
V  [jvm.dll+0x1f11e7]
V  [jvm.dll+0x7ac56b]
V  [jvm.dll+0x7ad912]
V  [jvm.dll+0x7ae0a9]
V  [jvm.dll+0x1eb804]
V  [jvm.dll+0x1e0a0a]
V  [jvm.dll+0x53c910]
V  [jvm.dll+0x1f11e7]
V  [jvm.dll+0x7ac56b]
V  [jvm.dll+0x7ad912]
V  [jvm.dll+0x7adc48]
V  [jvm.dll+0x23db7e]
V  [jvm.dll+0x37f29e]
C  0x000002aeca7ab6e4

Java frames: (J=compiled Java code, j=interpreted, Vv=VM code)
j  javax.swing.JTextField.<clinit>()V+6 java.desktop@17.0.4.1
v  ~StubRoutines::call_stub
j  com.stir.cscu9t4practical1.TrainingRecordGUI.<init>()V+7
j  com.stir.cscu9t4practical1.TrainingRecordGUI.main([Ljava/lang/String;)V+4
v  ~StubRoutines::call_stub

---------------  P R O C E S S  ---------------

Threads class SMR info:
_java_thread_list=0x000002aee0c2eba0, length=15, elements={
0x000002aec58eecd0, 0x000002aedfb954f0, 0x000002aedfb97620, 0x000002aee0808070,
0x000002aee080a940, 0x000002aee080b200, 0x000002aee080bac0, 0x000002aee080c6b0,
0x000002aee0858860, 0x000002aedfc0b640, 0x000002aee096d170, 0x000002aee09726b0,
0x000002aee0bfb1b0, 0x000002aee0bfb680, 0x000002aee0c59b00
}

Java Threads: ( => current thread )
=>0x000002aec58eecd0 JavaThread "main" [_thread_in_vm, id=4084, stack(0x000000c8d4500000,0x000000c8d4600000)]
  0x000002aedfb954f0 JavaThread "Reference Handler" daemon [_thread_blocked, id=8100, stack(0x000000c8d4c00000,0x000000c8d4d00000)]
  0x000002aedfb97620 JavaThread "Finalizer" daemon [_thread_blocked, id=17200, stack(0x000000c8d4d00000,0x000000c8d4e00000)]
  0x000002aee0808070 JavaThread "Signal Dispatcher" daemon [_thread_blocked, id=16016, stack(0x000000c8d4e00000,0x000000c8d4f00000)]
  0x000002aee080a940 JavaThread "Attach Listener" daemon [_thread_blocked, id=12592, stack(0x000000c8d4f00000,0x000000c8d5000000)]
  0x000002aee080b200 JavaThread "Service Thread" daemon [_thread_blocked, id=5368, stack(0x000000c8d5000000,0x000000c8d5100000)]
  0x000002aee080bac0 JavaThread "Monitor Deflation Thread" daemon [_thread_blocked, id=11712, stack(0x000000c8d5100000,0x000000c8d5200000)]
  0x000002aee080c6b0 JavaThread "C2 CompilerThread0" daemon [_thread_blocked, id=15364, stack(0x000000c8d5200000,0x000000c8d5300000)]
  0x000002aee0858860 JavaThread "C1 CompilerThread0" daemon [_thread_blocked, id=5196, stack(0x000000c8d5300000,0x000000c8d5400000)]
  0x000002aedfc0b640 JavaThread "Sweeper thread" daemon [_thread_blocked, id=5656, stack(0x000000c8d5400000,0x000000c8d5500000)]
  0x000002aee096d170 JavaThread "Notification Thread" daemon [_thread_blocked, id=7396, stack(0x000000c8d5500000,0x000000c8d5600000)]
  0x000002aee09726b0 JavaThread "Common-Cleaner" daemon [_thread_blocked, id=2308, stack(0x000000c8d5700000,0x000000c8d5800000)]
  0x000002aee0bfb1b0 JavaThread "Java2D Disposer" daemon [_thread_blocked, id=14728, stack(0x000000c8d5900000,0x000000c8d5a00000)]
  0x000002aee0bfb680 JavaThread "AWT-Shutdown" [_thread_blocked, id=2848, stack(0x000000c8d5a00000,0x000000c8d5b00000)]
  0x000002aee0c59b00 JavaThread "AWT-Windows" daemon [_thread_in_native, id=12480, stack(0x000000c8d5b00000,0x000000c8d5c00000)]

Other Threads:
  0x000002aedfb914a0 VMThread "VM Thread" [stack: 0x000000c8d4b00000,0x000000c8d4c00000] [id=7088]
  0x000002aee096e260 WatcherThread [stack: 0x000000c8d5600000,0x000000c8d5700000] [id=13168]
  0x000002aec5938e60 GCTaskThread "GC Thread#0" [stack: 0x000000c8d4600000,0x000000c8d4700000] [id=8368]
  0x000002aec5947060 ConcurrentGCThread "G1 Main Marker" [stack: 0x000000c8d4700000,0x000000c8d4800000] [id=17296]
  0x000002aec594b990 ConcurrentGCThread "G1 Conc#0" [stack: 0x000000c8d4800000,0x000000c8d4900000] [id=3416]
  0x000002aec59acfa0 ConcurrentGCThread "G1 Refine#0" [stack: 0x000000c8d4900000,0x000000c8d4a00000] [id=17076]
  0x000002aec59aea20 ConcurrentGCThread "G1 Service" [stack: 0x000000c8d4a00000,0x000000c8d4b00000] [id=2336]

Threads with active compile tasks:

VM state: not at safepoint (normal execution)

VM Mutex/Monitor currently owned by a thread:  ([mutex/lock_event])
[0x000002aec58e6af0] Metaspace_lock - owner thread: 0x000002aec58eecd0

Heap address: 0x00000000a2000000, size: 1504 MB, Compressed Oops mode: 32-bit

CDS archive(s) not mapped
Compressed class space mapped at: 0x0000000100000000-0x0000000140000000, reserved size: 1073741824
Narrow klass base: 0x0000000000000000, Narrow klass shift: 3, Narrow klass range: 0x140000000

GC Precious Log:
 CPUs: 4 total, 4 available
 Memory: 6009M
 Large Page Support: Disabled
 NUMA Support: Disabled
 Compressed Oops: Enabled (32-bit)
 Heap Region Size: 1M
 Heap Min Capacity: 8M
 Heap Initial Capacity: 94M
 Heap Max Capacity: 1504M
 Pre-touch: Disabled
 Parallel Workers: 4
 Concurrent Workers: 1
 Concurrent Refinement Workers: 4
 Periodic GC: Disabled

Heap:
 garbage-first heap   total 96256K, used 3072K [0x00000000a2000000, 0x0000000100000000)
  region size 1024K, 4 young (4096K), 0 survivors (0K)
 Metaspace       used 9893K, committed 10048K, reserved 1064960K
  class space    used 945K, committed 1024K, reserved 1048576K

Heap Regions: E=young(eden), S=young(survivor), O=old, HS=humongous(starts), HC=humongous(continues), CS=collection set, F=free, OA=open archive, CA=closed archive, TAMS=top-at-mark-start (previous, next)
|   0|0x00000000a2000000, 0x00000000a2000000, 0x00000000a2100000|  0%| F|  |TAMS 0x00000000a2000000, 0x00000000a2000000| Untracked 
|   1|0x00000000a2100000, 0x00000000a2100000, 0x00000000a2200000|  0%| F|  |TAMS 0x00000000a2100000, 0x00000000a2100000| Untracked 
|   2|0x00000000a2200000, 0x00000000a2200000, 0x00000000a2300000|  0%| F|  |TAMS 0x00000000a2200000, 0x00000000a2200000| Untracked 
|   3|0x00000000a2300000, 0x00000000a2300000, 0x00000000a2400000|  0%| F|  |TAMS 0x00000000a2300000, 0x00000000a2300000| Untracked 
|   4|0x00000000a2400000, 0x00000000a2400000, 0x00000000a2500000|  0%| F|  |TAMS 0x00000000a2400000, 0x00000000a2400000| Untracked 
|   5|0x00000000a2500000, 0x00000000a2500000, 0x00000000a2600000|  0%| F|  |TAMS 0x00000000a2500000, 0x00000000a2500000| Untracked 
|   6|0x00000000a2600000, 0x00000000a2600000, 0x00000000a2700000|  0%| F|  |TAMS 0x00000000a2600000, 0x00000000a2600000| Untracked 
|   7|0x00000000a2700000, 0x00000000a2700000, 0x00000000a2800000|  0%| F|  |TAMS 0x00000000a2700000, 0x00000000a2700000| Untracked 
|   8|0x00000000a2800000, 0x00000000a2800000, 0x00000000a2900000|  0%| F|  |TAMS 0x00000000a2800000, 0x00000000a2800000| Untracked 
|   9|0x00000000a2900000, 0x00000000a2900000, 0x00000000a2a00000|  0%| F|  |TAMS 0x00000000a2900000, 0x00000000a2900000| Untracked 
|  10|0x00000000a2a00000, 0x00000000a2a00000, 0x00000000a2b00000|  0%| F|  |TAMS 0x00000000a2a00000, 0x00000000a2a00000| Untracked 
|  11|0x00000000a2b00000, 0x00000000a2b00000, 0x00000000a2c00000|  0%| F|  |TAMS 0x00000000a2b00000, 0x00000000a2b00000| Untracked 
|  12|0x00000000a2c00000, 0x00000000a2c00000, 0x00000000a2d00000|  0%| F|  |TAMS 0x00000000a2c00000, 0x00000000a2c00000| Untracked 
|  13|0x00000000a2d00000, 0x00000000a2d00000, 0x00000000a2e00000|  0%| F|  |TAMS 0x00000000a2d00000, 0x00000000a2d00000| Untracked 
|  14|0x00000000a2e00000, 0x00000000a2e00000, 0x00000000a2f00000|  0%| F|  |TAMS 0x00000000a2e00000, 0x00000000a2e00000| Untracked 
|  15|0x00000000a2f00000, 0x00000000a2f00000, 0x00000000a3000000|  0%| F|  |TAMS 0x00000000a2f00000, 0x00000000a2f00000| Untracked 
|  16|0x00000000a3000000, 0x00000000a3000000, 0x00000000a3100000|  0%| F|  |TAMS 0x00000000a3000000, 0x00000000a3000000| Untracked 
|  17|0x00000000a3100000, 0x00000000a3100000, 0x00000000a3200000|  0%| F|  |TAMS 0x00000000a3100000, 0x00000000a3100000| Untracked 
|  18|0x00000000a3200000, 0x00000000a3200000, 0x00000000a3300000|  0%| F|  |TAMS 0x00000000a3200000, 0x00000000a3200000| Untracked 
|  19|0x00000000a3300000, 0x00000000a3300000, 0x00000000a3400000|  0%| F|  |TAMS 0x00000000a3300000, 0x00000000a3300000| Untracked 
|  20|0x00000000a3400000, 0x00000000a3400000, 0x00000000a3500000|  0%| F|  |TAMS 0x00000000a3400000, 0x00000000a3400000| Untracked 
|  21|0x00000000a3500000, 0x00000000a3500000, 0x00000000a3600000|  0%| F|  |TAMS 0x00000000a3500000, 0x00000000a3500000| Untracked 
|  22|0x00000000a3600000, 0x00000000a3600000, 0x00000000a3700000|  0%| F|  |TAMS 0x00000000a3600000, 0x00000000a3600000| Untracked 
|  23|0x00000000a3700000, 0x00000000a3700000, 0x00000000a3800000|  0%| F|  |TAMS 0x00000000a3700000, 0x00000000a3700000| Untracked 
|  24|0x00000000a3800000, 0x00000000a3800000, 0x00000000a3900000|  0%| F|  |TAMS 0x00000000a3800000, 0x00000000a3800000| Untracked 
|  25|0x00000000a3900000, 0x00000000a3900000, 0x00000000a3a00000|  0%| F|  |TAMS 0x00000000a3900000, 0x00000000a3900000| Untracked 
|  26|0x00000000a3a00000, 0x00000000a3a00000, 0x00000000a3b00000|  0%| F|  |TAMS 0x00000000a3a00000, 0x00000000a3a00000| Untracked 
|  27|0x00000000a3b00000, 0x00000000a3b00000, 0x00000000a3c00000|  0%| F|  |TAMS 0x00000000a3b00000, 0x00000000a3b00000| Untracked 
|  28|0x00000000a3c00000, 0x00000000a3c00000, 0x00000000a3d00000|  0%| F|  |TAMS 0x00000000a3c00000, 0x00000000a3c00000| Untracked 
|  29|0x00000000a3d00000, 0x00000000a3d00000, 0x00000000a3e00000|  0%| F|  |TAMS 0x00000000a3d00000, 0x00000000a3d00000| Untracked 
|  30|0x00000000a3e00000, 0x00000000a3e00000, 0x00000000a3f00000|  0%| F|  |TAMS 0x00000000a3e00000, 0x00000000a3e00000| Untracked 
|  31|0x00000000a3f00000, 0x00000000a3f00000, 0x00000000a4000000|  0%| F|  |TAMS 0x00000000a3f00000, 0x00000000a3f00000| Untracked 
|  32|0x00000000a4000000, 0x00000000a4000000, 0x00000000a4100000|  0%| F|  |TAMS 0x00000000a4000000, 0x00000000a4000000| Untracked 
|  33|0x00000000a4100000, 0x00000000a4100000, 0x00000000a4200000|  0%| F|  |TAMS 0x00000000a4100000, 0x00000000a4100000| Untracked 
|  34|0x00000000a4200000, 0x00000000a4200000, 0x00000000a4300000|  0%| F|  |TAMS 0x00000000a4200000, 0x00000000a4200000| Untracked 
|  35|0x00000000a4300000, 0x00000000a4300000, 0x00000000a4400000|  0%| F|  |TAMS 0x00000000a4300000, 0x00000000a4300000| Untracked 
|  36|0x00000000a4400000, 0x00000000a4400000, 0x00000000a4500000|  0%| F|  |TAMS 0x00000000a4400000, 0x00000000a4400000| Untracked 
|  37|0x00000000a4500000, 0x00000000a4500000, 0x00000000a4600000|  0%| F|  |TAMS 0x00000000a4500000, 0x00000000a4500000| Untracked 
|  38|0x00000000a4600000, 0x00000000a4600000, 0x00000000a4700000|  0%| F|  |TAMS 0x00000000a4600000, 0x00000000a4600000| Untracked 
|  39|0x00000000a4700000, 0x00000000a4700000, 0x00000000a4800000|  0%| F|  |TAMS 0x00000000a4700000, 0x00000000a4700000| Untracked 
|  40|0x00000000a4800000, 0x00000000a4800000, 0x00000000a4900000|  0%| F|  |TAMS 0x00000000a4800000, 0x00000000a4800000| Untracked 
|  41|0x00000000a4900000, 0x00000000a4900000, 0x00000000a4a00000|  0%| F|  |TAMS 0x00000000a4900000, 0x00000000a4900000| Untracked 
|  42|0x00000000a4a00000, 0x00000000a4a00000, 0x00000000a4b00000|  0%| F|  |TAMS 0x00000000a4a00000, 0x00000000a4a00000| Untracked 
|  43|0x00000000a4b00000, 0x00000000a4b00000, 0x00000000a4c00000|  0%| F|  |TAMS 0x00000000a4b00000, 0x00000000a4b00000| Untracked 
|  44|0x00000000a4c00000, 0x00000000a4c00000, 0x00000000a4d00000|  0%| F|  |TAMS 0x00000000a4c00000, 0x00000000a4c00000| Untracked 
|  45|0x00000000a4d00000, 0x00000000a4d00000, 0x00000000a4e00000|  0%| F|  |TAMS 0x00000000a4d00000, 0x00000000a4d00000| Untracked 
|  46|0x00000000a4e00000, 0x00000000a4e00000, 0x00000000a4f00000|  0%| F|  |TAMS 0x00000000a4e00000, 0x00000000a4e00000| Untracked 
|  47|0x00000000a4f00000, 0x00000000a4f00000, 0x00000000a5000000|  0%| F|  |TAMS 0x00000000a4f00000, 0x00000000a4f00000| Untracked 
|  48|0x00000000a5000000, 0x00000000a5000000, 0x00000000a5100000|  0%| F|  |TAMS 0x00000000a5000000, 0x00000000a5000000| Untracked 
|  49|0x00000000a5100000, 0x00000000a5100000, 0x00000000a5200000|  0%| F|  |TAMS 0x00000000a5100000, 0x00000000a5100000| Untracked 
|  50|0x00000000a5200000, 0x00000000a5200000, 0x00000000a5300000|  0%| F|  |TAMS 0x00000000a5200000, 0x00000000a5200000| Untracked 
|  51|0x00000000a5300000, 0x00000000a5300000, 0x00000000a5400000|  0%| F|  |TAMS 0x00000000a5300000, 0x00000000a5300000| Untracked 
|  52|0x00000000a5400000, 0x00000000a5400000, 0x00000000a5500000|  0%| F|  |TAMS 0x00000000a5400000, 0x00000000a5400000| Untracked 
|  53|0x00000000a5500000, 0x00000000a5500000, 0x00000000a5600000|  0%| F|  |TAMS 0x00000000a5500000, 0x00000000a5500000| Untracked 
|  54|0x00000000a5600000, 0x00000000a5600000, 0x00000000a5700000|  0%| F|  |TAMS 0x00000000a5600000, 0x00000000a5600000| Untracked 
|  55|0x00000000a5700000, 0x00000000a5700000, 0x00000000a5800000|  0%| F|  |TAMS 0x00000000a5700000, 0x00000000a5700000| Untracked 
|  56|0x00000000a5800000, 0x00000000a5800000, 0x00000000a5900000|  0%| F|  |TAMS 0x00000000a5800000, 0x00000000a5800000| Untracked 
|  57|0x00000000a5900000, 0x00000000a5900000, 0x00000000a5a00000|  0%| F|  |TAMS 0x00000000a5900000, 0x00000000a5900000| Untracked 
|  58|0x00000000a5a00000, 0x00000000a5a00000, 0x00000000a5b00000|  0%| F|  |TAMS 0x00000000a5a00000, 0x00000000a5a00000| Untracked 
|  59|0x00000000a5b00000, 0x00000000a5b00000, 0x00000000a5c00000|  0%| F|  |TAMS 0x00000000a5b00000, 0x00000000a5b00000| Untracked 
|  60|0x00000000a5c00000, 0x00000000a5c00000, 0x00000000a5d00000|  0%| F|  |TAMS 0x00000000a5c00000, 0x00000000a5c00000| Untracked 
|  61|0x00000000a5d00000, 0x00000000a5d00000, 0x00000000a5e00000|  0%| F|  |TAMS 0x00000000a5d00000, 0x00000000a5d00000| Untracked 
|  62|0x00000000a5e00000, 0x00000000a5e00000, 0x00000000a5f00000|  0%| F|  |TAMS 0x00000000a5e00000, 0x00000000a5e00000| Untracked 
|  63|0x00000000a5f00000, 0x00000000a5f00000, 0x00000000a6000000|  0%| F|  |TAMS 0x00000000a5f00000, 0x00000000a5f00000| Untracked 
|  64|0x00000000a6000000, 0x00000000a6000000, 0x00000000a6100000|  0%| F|  |TAMS 0x00000000a6000000, 0x00000000a6000000| Untracked 
|  65|0x00000000a6100000, 0x00000000a6100000, 0x00000000a6200000|  0%| F|  |TAMS 0x00000000a6100000, 0x00000000a6100000| Untracked 
|  66|0x00000000a6200000, 0x00000000a6200000, 0x00000000a6300000|  0%| F|  |TAMS 0x00000000a6200000, 0x00000000a6200000| Untracked 
|  67|0x00000000a6300000, 0x00000000a6300000, 0x00000000a6400000|  0%| F|  |TAMS 0x00000000a6300000, 0x00000000a6300000| Untracked 
|  68|0x00000000a6400000, 0x00000000a6400000, 0x00000000a6500000|  0%| F|  |TAMS 0x00000000a6400000, 0x00000000a6400000| Untracked 
|  69|0x00000000a6500000, 0x00000000a6500000, 0x00000000a6600000|  0%| F|  |TAMS 0x00000000a6500000, 0x00000000a6500000| Untracked 
|  70|0x00000000a6600000, 0x00000000a6600000, 0x00000000a6700000|  0%| F|  |TAMS 0x00000000a6600000, 0x00000000a6600000| Untracked 
|  71|0x00000000a6700000, 0x00000000a6700000, 0x00000000a6800000|  0%| F|  |TAMS 0x00000000a6700000, 0x00000000a6700000| Untracked 
|  72|0x00000000a6800000, 0x00000000a6800000, 0x00000000a6900000|  0%| F|  |TAMS 0x00000000a6800000, 0x00000000a6800000| Untracked 
|  73|0x00000000a6900000, 0x00000000a6900000, 0x00000000a6a00000|  0%| F|  |TAMS 0x00000000a6900000, 0x00000000a6900000| Untracked 
|  74|0x00000000a6a00000, 0x00000000a6a00000, 0x00000000a6b00000|  0%| F|  |TAMS 0x00000000a6a00000, 0x00000000a6a00000| Untracked 
|  75|0x00000000a6b00000, 0x00000000a6b00000, 0x00000000a6c00000|  0%| F|  |TAMS 0x00000000a6b00000, 0x00000000a6b00000| Untracked 
|  76|0x00000000a6c00000, 0x00000000a6c00000, 0x00000000a6d00000|  0%| F|  |TAMS 0x00000000a6c00000, 0x00000000a6c00000| Untracked 
|  77|0x00000000a6d00000, 0x00000000a6d00000, 0x00000000a6e00000|  0%| F|  |TAMS 0x00000000a6d00000, 0x00000000a6d00000| Untracked 
|  78|0x00000000a6e00000, 0x00000000a6e00000, 0x00000000a6f00000|  0%| F|  |TAMS 0x00000000a6e00000, 0x00000000a6e00000| Untracked 
|  79|0x00000000a6f00000, 0x00000000a6f00000, 0x00000000a7000000|  0%| F|  |TAMS 0x00000000a6f00000, 0x00000000a6f00000| Untracked 
|  80|0x00000000a7000000, 0x00000000a7000000, 0x00000000a7100000|  0%| F|  |TAMS 0x00000000a7000000, 0x00000000a7000000| Untracked 
|  81|0x00000000a7100000, 0x00000000a7100000, 0x00000000a7200000|  0%| F|  |TAMS 0x00000000a7100000, 0x00000000a7100000| Untracked 
|  82|0x00000000a7200000, 0x00000000a7200000, 0x00000000a7300000|  0%| F|  |TAMS 0x00000000a7200000, 0x00000000a7200000| Untracked 
|  83|0x00000000a7300000, 0x00000000a7300000, 0x00000000a7400000|  0%| F|  |TAMS 0x00000000a7300000, 0x00000000a7300000| Untracked 
|  84|0x00000000a7400000, 0x00000000a7400000, 0x00000000a7500000|  0%| F|  |TAMS 0x00000000a7400000, 0x00000000a7400000| Untracked 
|  85|0x00000000a7500000, 0x00000000a7500000, 0x00000000a7600000|  0%| F|  |TAMS 0x00000000a7500000, 0x00000000a7500000| Untracked 
|  86|0x00000000a7600000, 0x00000000a7600000, 0x00000000a7700000|  0%| F|  |TAMS 0x00000000a7600000, 0x00000000a7600000| Untracked 
|  87|0x00000000a7700000, 0x00000000a7700000, 0x00000000a7800000|  0%| F|  |TAMS 0x00000000a7700000, 0x00000000a7700000| Untracked 
|  88|0x00000000a7800000, 0x00000000a7800000, 0x00000000a7900000|  0%| F|  |TAMS 0x00000000a7800000, 0x00000000a7800000| Untracked 
|  89|0x00000000a7900000, 0x00000000a7900000, 0x00000000a7a00000|  0%| F|  |TAMS 0x00000000a7900000, 0x00000000a7900000| Untracked 
|  90|0x00000000a7a00000, 0x00000000a7b00000, 0x00000000a7b00000|100%| E|  |TAMS 0x00000000a7a00000, 0x00000000a7a00000| Complete 
|  91|0x00000000a7b00000, 0x00000000a7c00000, 0x00000000a7c00000|100%| E|CS|TAMS 0x00000000a7b00000, 0x00000000a7b00000| Complete 
|  92|0x00000000a7c00000, 0x00000000a7d00000, 0x00000000a7d00000|100%| E|CS|TAMS 0x00000000a7c00000, 0x00000000a7c00000| Complete 
|  93|0x00000000a7d00000, 0x00000000a7e00000, 0x00000000a7e00000|100%| E|CS|TAMS 0x00000000a7d00000, 0x00000000a7d00000| Complete 

Card table byte_map: [0x000002aeda0b0000,0x000002aeda3a0000] _byte_map_base: 0x000002aed9ba0000

Marking Bits (Prev, Next): (CMBitMap*) 0x000002aec593a390, (CMBitMap*) 0x000002aec593a3d0
 Prev Bits: [0x000002aeda690000, 0x000002aedbe10000)
 Next Bits: [0x000002aedbe10000, 0x000002aedd590000)

Polling page: 0x000002aeca770000

Metaspace:

Usage:
  Non-class:      8.74 MB used.
      Class:    945.94 KB used.
       Both:      9.66 MB used.

Virtual space:
  Non-class space:       16.00 MB reserved,       8.81 MB ( 55%) committed,  2 nodes.
      Class space:        1.00 GB reserved,       1.00 MB ( <1%) committed,  1 nodes.
             Both:        1.02 GB reserved,       9.81 MB ( <1%) committed. 

Chunk freelists:
   Non-Class:  2.98 MB
       Class:  3.02 MB
        Both:  6.01 MB

MaxMetaspaceSize: unlimited
CompressedClassSpaceSize: 1.00 GB
Initial GC threshold: 21.00 MB
Current GC threshold: 21.00 MB
CDS: off
MetaspaceReclaimPolicy: balanced
 - commit_granule_bytes: 65536.
 - commit_granule_words: 8192.
 - virtual_space_node_default_size: 1048576.
 - enlarge_chunks_in_place: 1.
 - new_chunks_are_fully_committed: 0.
 - uncommit_free_chunks: 1.
 - use_allocation_guard: 0.
 - handle_deallocations: 1.


Internal statistics:

num_allocs_failed_limit: 0.
num_arena_births: 88.
num_arena_deaths: 0.
num_vsnodes_births: 3.
num_vsnodes_deaths: 0.
num_space_committed: 157.
num_space_uncommitted: 0.
num_chunks_returned_to_freelist: 0.
num_chunks_taken_from_freelist: 118.
num_chunk_merges: 0.
num_chunk_splits: 70.
num_chunks_enlarged: 43.
num_purges: 0.
num_inconsistent_stats: 0.

CodeHeap 'non-profiled nmethods': size=120000Kb used=119Kb max_used=119Kb free=119880Kb
 bounds [0x000002aed2260000, 0x000002aed24d0000, 0x000002aed9790000]
CodeHeap 'profiled nmethods': size=120000Kb used=629Kb max_used=629Kb free=119370Kb
 bounds [0x000002aecad30000, 0x000002aecafa0000, 0x000002aed2260000]
CodeHeap 'non-nmethods': size=5760Kb used=1170Kb max_used=1178Kb free=4589Kb
 bounds [0x000002aeca790000, 0x000002aecaa00000, 0x000002aecad30000]
 total_blobs=906 nmethods=438 adapters=381
 compilation: enabled
              stopped_count=0, restarted_count=0
 full_count=0

Compilation events (20 events):
Event: 0.550 Thread 0x000002aee0858860  430       3       java.lang.CharacterData::of (136 bytes)
Event: 0.551 Thread 0x000002aee0858860 nmethod 430 0x000002aecadc9910 code [0x000002aecadc9b40, 0x000002aecadca4d8]
Event: 0.551 Thread 0x000002aee0858860  431       3       java.util.HashMap::put (13 bytes)
Event: 0.551 Thread 0x000002aee0858860 nmethod 431 0x000002aecadca710 code [0x000002aecadca8c0, 0x000002aecadcabb8]
Event: 0.551 Thread 0x000002aee0858860  432       3       java.util.HashMap::get (19 bytes)
Event: 0.551 Thread 0x000002aee0858860 nmethod 432 0x000002aecadcad10 code [0x000002aecadcaec0, 0x000002aecadcb088]
Event: 0.551 Thread 0x000002aee0858860  429       3       java.util.ImmutableCollections$List12::size (16 bytes)
Event: 0.551 Thread 0x000002aee0858860 nmethod 429 0x000002aecadcb190 code [0x000002aecadcb320, 0x000002aecadcb4b8]
Event: 0.553 Thread 0x000002aee0858860  433       3       java.lang.StringConcatHelper::prepend (37 bytes)
Event: 0.553 Thread 0x000002aee0858860 nmethod 433 0x000002aecadcb590 code [0x000002aecadcb760, 0x000002aecadcba38]
Event: 0.555 Thread 0x000002aee0858860  434       3       java.lang.String::endsWith (15 bytes)
Event: 0.555 Thread 0x000002aee0858860 nmethod 434 0x000002aecadcbb90 code [0x000002aecadcbd60, 0x000002aecadcc0a8]
Event: 0.557 Thread 0x000002aee0858860  435       3       java.lang.StringConcatHelper::checkOverflow (17 bytes)
Event: 0.557 Thread 0x000002aee0858860 nmethod 435 0x000002aecadcc290 code [0x000002aecadcc440, 0x000002aecadcc628]
Event: 0.559 Thread 0x000002aee0858860  436       1       java.lang.reflect.Field::getName (5 bytes)
Event: 0.559 Thread 0x000002aee0858860 nmethod 436 0x000002aed227da10 code [0x000002aed227dba0, 0x000002aed227dc78]
Event: 0.560 Thread 0x000002aee0858860  437       3       sun.util.logging.PlatformLogger::isLoggable (23 bytes)
Event: 0.560 Thread 0x000002aee0858860 nmethod 437 0x000002aecadcc710 code [0x000002aecadcc8c0, 0x000002aecadccb98]
Event: 0.560 Thread 0x000002aee0858860  438       3       jdk.internal.logger.AbstractLoggerWrapper::isLoggable (26 bytes)
Event: 0.560 Thread 0x000002aee0858860 nmethod 438 0x000002aecadccc90 code [0x000002aecadcce80, 0x000002aecadcd3f8]

GC Heap History (0 events):
No events

Deoptimization events (0 events):
No events

Classes unloaded (0 events):
No events

Classes redefined (0 events):
No events

Internal exceptions (10 events):
Event: 0.335 Thread 0x000002aec58eecd0 Exception <a 'java/lang/ClassNotFoundException'{0x00000000a7c36360}: sun/awt/resources/spi/awtProvider> (0x00000000a7c36360) 
thrown [s\src\hotspot\share\classfile\systemDictionary.cpp, line 256]
Event: 0.380 Thread 0x000002aec58eecd0 Exception <a 'java/io/FileNotFoundException'{0x00000000a7c90fe8}> (0x00000000a7c90fe8) 
thrown [s\src\hotspot\share\prims\jni.cpp, line 516]
Event: 0.389 Thread 0x000002aec58eecd0 Exception <a 'java/io/FileNotFoundException'{0x00000000a7cbdf60}> (0x00000000a7cbdf60) 
thrown [s\src\hotspot\share\prims\jni.cpp, line 516]
Event: 0.453 Thread 0x000002aec58eecd0 Exception <a 'java/lang/NoSuchMethodError'{0x00000000a7b0f888}: 'java.lang.Object java.lang.invoke.DirectMethodHandle$Holder.invokeStaticInit(java.lang.Object)'> (0x00000000a7b0f888) 
thrown [s\src\hotspot\share\interpreter\linkResolver.cpp, line 759]
Event: 0.496 Thread 0x000002aec58eecd0 Exception <a 'java/lang/NoSuchMethodError'{0x00000000a7b9bf40}: 'void java.lang.invoke.DirectMethodHandle$Holder.invokeSpecial(java.lang.Object, java.lang.Object, java.lang.Object)'> (0x00000000a7b9bf40) 
thrown [s\src\hotspot\share\interpreter\linkResolver.cpp, line 759]
Event: 0.507 Thread 0x000002aec58eecd0 Exception <a 'java/lang/NoSuchMethodError'{0x00000000a7bc60f8}: 'java.lang.Object java.lang.invoke.DirectMethodHandle$Holder.newInvokeSpecial(java.lang.Object, java.lang.Object, java.lang.Object, java.lang.Object, java.lang.Object)'> (0x00000000a7bc60f8) 
thrown [s\src\hotspot\share\interpreter\linkResolver.cpp, line 759]
Event: 0.510 Thread 0x000002aec58eecd0 Exception <a 'java/lang/NoSuchMethodError'{0x00000000a7bd1e08}: 'java.lang.Object java.lang.invoke.DirectMethodHandle$Holder.invokeStatic(java.lang.Object, int, java.lang.Object, java.lang.Object, java.lang.Object, java.lang.Object)'> (0x00000000a7bd1e08) 
thrown [s\src\hotspot\share\interpreter\linkResolver.cpp, line 759]
Event: 0.516 Thread 0x000002aec58eecd0 Exception <a 'java/lang/NoSuchMethodError'{0x00000000a7bf75c8}: 'java.lang.Object java.lang.invoke.DirectMethodHandle$Holder.invokeStatic(java.lang.Object, int, java.lang.Object)'> (0x00000000a7bf75c8) 
thrown [s\src\hotspot\share\interpreter\linkResolver.cpp, line 759]
Event: 0.549 Thread 0x000002aec58eecd0 Exception <a 'java/lang/ClassNotFoundException'{0x00000000a7aaffc8}: com/sun/swing/internal/plaf/metal/resources/spi/metalProvider> (0x00000000a7aaffc8) 
thrown [s\src\hotspot\share\classfile\systemDictionary.cpp, line 256]
Event: 0.550 Thread 0x000002aec58eecd0 Exception <a 'java/lang/ClassNotFoundException'{0x00000000a7ab3e50}: com/sun/swing/internal/plaf/basic/resources/spi/basicProvider> (0x00000000a7ab3e50) 
thrown [s\src\hotspot\share\classfile\systemDictionary.cpp, line 256]

VM Operations (2 events):
Event: 0.548 Executing VM operation: HandshakeAllThreads
Event: 0.548 Executing VM operation: HandshakeAllThreads done

Events (20 events):
Event: 0.560 loading class javax/swing/text/JTextComponent$1 done
Event: 0.560 loading class javax/swing/text/JTextComponent$4
Event: 0.561 loading class com/sun/beans/util/Cache
Event: 0.561 loading class com/sun/beans/util/Cache done
Event: 0.561 loading class javax/swing/text/JTextComponent$4 done
Event: 0.561 loading class com/sun/beans/util/Cache$Kind
Event: 0.561 loading class com/sun/beans/util/Cache$Kind done
Event: 0.561 loading class com/sun/beans/util/Cache$Kind$1
Event: 0.561 loading class com/sun/beans/util/Cache$Kind$1 done
Event: 0.561 loading class com/sun/beans/util/Cache$Kind$2
Event: 0.561 loading class com/sun/beans/util/Cache$Kind$2 done
Event: 0.561 loading class com/sun/beans/util/Cache$Kind$3
Event: 0.561 loading class com/sun/beans/util/Cache$Kind$3 done
Event: 0.561 loading class com/sun/beans/util/Cache$CacheEntry
Event: 0.561 loading class com/sun/beans/util/Cache$CacheEntry done
Event: 0.561 loading class javax/swing/Action
Event: 0.561 loading class javax/swing/Action done
Event: 0.561 loading class javax/swing/JTextField$NotifyAction
Event: 0.561 loading class javax/swing/text/TextAction
Event: 0.561 loading class javax/swing/AbstractAction


Dynamic libraries:
0x00007ff7e6080000 - 0x00007ff7e608e000 	C:\Users\dell\.p2\pool\plugins\org.eclipse.justj.openjdk.hotspot.jre.full.win32.x86_64_17.0.4.v20220903-1038\jre\bin\javaw.exe
0x00007ff837490000 - 0x00007ff837688000 	C:\WINDOWS\SYSTEM32\ntdll.dll
0x00007ff8355f0000 - 0x00007ff8356af000 	C:\WINDOWS\System32\KERNEL32.DLL
0x00007ff834e70000 - 0x00007ff835142000 	C:\WINDOWS\System32\KERNELBASE.dll
0x00007ff834c60000 - 0x00007ff834d60000 	C:\WINDOWS\System32\ucrtbase.dll
0x00007ff82d0e0000 - 0x00007ff82d0f8000 	C:\Users\dell\.p2\pool\plugins\org.eclipse.justj.openjdk.hotspot.jre.full.win32.x86_64_17.0.4.v20220903-1038\jre\bin\jli.dll
0x00007ff8369e0000 - 0x00007ff836b81000 	C:\WINDOWS\System32\USER32.dll
0x00007ff834bc0000 - 0x00007ff834be2000 	C:\WINDOWS\System32\win32u.dll
0x00007ff837380000 - 0x00007ff8373ab000 	C:\WINDOWS\System32\GDI32.dll
0x00007ff834d60000 - 0x00007ff834e6f000 	C:\WINDOWS\System32\gdi32full.dll
0x00007ff8351e0000 - 0x00007ff83527d000 	C:\WINDOWS\System32\msvcp_win.dll
0x00007ff82cfc0000 - 0x00007ff82cfd9000 	C:\Users\dell\.p2\pool\plugins\org.eclipse.justj.openjdk.hotspot.jre.full.win32.x86_64_17.0.4.v20220903-1038\jre\bin\VCRUNTIME140.dll
0x00007ff829880000 - 0x00007ff829b1a000 	C:\WINDOWS\WinSxS\amd64_microsoft.windows.common-controls_6595b64144ccf1df_6.0.19041.1110_none_60b5254171f9507e\COMCTL32.dll
0x00007ff8372e0000 - 0x00007ff83737e000 	C:\WINDOWS\System32\msvcrt.dll
0x00007ff835560000 - 0x00007ff835590000 	C:\WINDOWS\System32\IMM32.DLL
0x00007ff82d610000 - 0x00007ff82d61c000 	C:\Users\dell\.p2\pool\plugins\org.eclipse.justj.openjdk.hotspot.jre.full.win32.x86_64_17.0.4.v20220903-1038\jre\bin\vcruntime140_1.dll
0x00007ff8185e0000 - 0x00007ff818671000 	C:\Users\dell\.p2\pool\plugins\org.eclipse.justj.openjdk.hotspot.jre.full.win32.x86_64_17.0.4.v20220903-1038\jre\bin\msvcp140.dll
0x00007ffff0700000 - 0x00007ffff1346000 	C:\Users\dell\.p2\pool\plugins\org.eclipse.justj.openjdk.hotspot.jre.full.win32.x86_64_17.0.4.v20220903-1038\jre\bin\server\jvm.dll
0x00007ff836470000 - 0x00007ff83651e000 	C:\WINDOWS\System32\ADVAPI32.dll
0x00007ff8363c0000 - 0x00007ff83645c000 	C:\WINDOWS\System32\sechost.dll
0x00007ff836720000 - 0x00007ff836844000 	C:\WINDOWS\System32\RPCRT4.dll
0x00007ff836460000 - 0x00007ff836468000 	C:\WINDOWS\System32\PSAPI.DLL
0x00007ff82f980000 - 0x00007ff82f989000 	C:\WINDOWS\SYSTEM32\WSOCK32.dll
0x00007ff8359e0000 - 0x00007ff835a4b000 	C:\WINDOWS\System32\WS2_32.dll
0x00007ff825260000 - 0x00007ff825287000 	C:\WINDOWS\SYSTEM32\WINMM.dll
0x00007ff82c390000 - 0x00007ff82c39a000 	C:\WINDOWS\SYSTEM32\VERSION.dll
0x00007ff8333e0000 - 0x00007ff8333f2000 	C:\WINDOWS\SYSTEM32\kernel.appcore.dll
0x00007ff82d900000 - 0x00007ff82d90a000 	C:\Users\dell\.p2\pool\plugins\org.eclipse.justj.openjdk.hotspot.jre.full.win32.x86_64_17.0.4.v20220903-1038\jre\bin\jimage.dll
0x00007ff832800000 - 0x00007ff8329e4000 	C:\WINDOWS\SYSTEM32\DBGHELP.DLL
0x00007ff82cd70000 - 0x00007ff82cda5000 	C:\WINDOWS\SYSTEM32\dbgcore.DLL
0x00007ff835150000 - 0x00007ff8351d2000 	C:\WINDOWS\System32\bcryptPrimitives.dll
0x00007ff82d840000 - 0x00007ff82d865000 	C:\Users\dell\.p2\pool\plugins\org.eclipse.justj.openjdk.hotspot.jre.full.win32.x86_64_17.0.4.v20220903-1038\jre\bin\java.dll
0x00007ff82d780000 - 0x00007ff82d798000 	C:\Users\dell\.p2\pool\plugins\org.eclipse.justj.openjdk.hotspot.jre.full.win32.x86_64_17.0.4.v20220903-1038\jre\bin\zip.dll
0x00007ff836b90000 - 0x00007ff8372d5000 	C:\WINDOWS\System32\SHELL32.dll
0x00007ff832c30000 - 0x00007ff8333c2000 	C:\WINDOWS\SYSTEM32\windows.storage.dll
0x00007ff836000000 - 0x00007ff836355000 	C:\WINDOWS\System32\combase.dll
0x00007ff834510000 - 0x00007ff834540000 	C:\WINDOWS\SYSTEM32\Wldp.dll
0x00007ff836930000 - 0x00007ff8369dd000 	C:\WINDOWS\System32\SHCORE.dll
0x00007ff8356b0000 - 0x00007ff835705000 	C:\WINDOWS\System32\shlwapi.dll
0x00007ff834ad0000 - 0x00007ff834aef000 	C:\WINDOWS\SYSTEM32\profapi.dll
0x00007ff808520000 - 0x00007ff8086ae000 	C:\Users\dell\.p2\pool\plugins\org.eclipse.justj.openjdk.hotspot.jre.full.win32.x86_64_17.0.4.v20220903-1038\jre\bin\awt.dll
0x00007ff836520000 - 0x00007ff8365ed000 	C:\WINDOWS\System32\OLEAUT32.dll
0x00007ff8320e0000 - 0x00007ff832170000 	C:\WINDOWS\SYSTEM32\apphelp.dll
0x00007ff8324d0000 - 0x00007ff8324ff000 	C:\WINDOWS\system32\DWMAPI.DLL
0x00007ff8321e0000 - 0x00007ff83227e000 	C:\WINDOWS\system32\uxtheme.dll
0x00007ff81e3b0000 - 0x00007ff81e4d5000 	C:\WINDOWS\system32\opengl32.dll
0x00007ff81e0f0000 - 0x00007ff81e11c000 	C:\WINDOWS\SYSTEM32\GLU32.dll
0x00007ff8358c0000 - 0x00007ff8359d4000 	C:\WINDOWS\System32\MSCTF.dll
0x00007ff8365f0000 - 0x00007ff83671a000 	C:\WINDOWS\System32\ole32.dll

dbghelp: loaded successfully - version: 4.0.5 - missing functions: none
symbol engine: initialized successfully - sym options: 0x614 - pdb path: .;C:\Users\dell\.p2\pool\plugins\org.eclipse.justj.openjdk.hotspot.jre.full.win32.x86_64_17.0.4.v20220903-1038\jre\bin;C:\WINDOWS\SYSTEM32;C:\WINDOWS\WinSxS\amd64_microsoft.windows.common-controls_6595b64144ccf1df_6.0.19041.1110_none_60b5254171f9507e;C:\Users\dell\.p2\pool\plugins\org.eclipse.justj.openjdk.hotspot.jre.full.win32.x86_64_17.0.4.v20220903-1038\jre\bin\server

VM Arguments:
jvm_args: -Dfile.encoding=UTF-8 -XX:+ShowCodeDetailsInExceptionMessages 
java_command: com.stir.cscu9t4practical1.TrainingRecordGUI
java_class_path (initial): C:\Users\dell\Downloads\CSCU9T4Practical1-Code\CSCU9T4Practical1-Code\target\classes
Launcher Type: SUN_STANDARD

[Global flags]
     intx CICompilerCount                          = 3                                         {product} {ergonomic}
     uint ConcGCThreads                            = 1                                         {product} {ergonomic}
     uint G1ConcRefinementThreads                  = 4                                         {product} {ergonomic}
   size_t G1HeapRegionSize                         = 1048576                                   {product} {ergonomic}
    uintx GCDrainStackTargetSize                   = 64                                        {product} {ergonomic}
   size_t InitialHeapSize                          = 98566144                                  {product} {ergonomic}
   size_t MarkStackSize                            = 4194304                                   {product} {ergonomic}
   size_t MaxHeapSize                              = 1577058304                                {product} {ergonomic}
   size_t MaxNewSize                               = 945815552                                 {product} {ergonomic}
   size_t MinHeapDeltaBytes                        = 1048576                                   {product} {ergonomic}
   size_t MinHeapSize                              = 8388608                                   {product} {ergonomic}
    uintx NonNMethodCodeHeapSize                   = 5832780                                {pd product} {ergonomic}
    uintx NonProfiledCodeHeapSize                  = 122912730                              {pd product} {ergonomic}
    uintx ProfiledCodeHeapSize                     = 122912730                              {pd product} {ergonomic}
    uintx ReservedCodeCacheSize                    = 251658240                              {pd product} {ergonomic}
     bool SegmentedCodeCache                       = true                                      {product} {ergonomic}
     bool ShowCodeDetailsInExceptionMessages       = true                                   {manageable} {command line}
   size_t SoftMaxHeapSize                          = 1577058304                             {manageable} {ergonomic}
     bool UseCompressedClassPointers               = true                           {product lp64_product} {ergonomic}
     bool UseCompressedOops                        = true                           {product lp64_product} {ergonomic}
     bool UseG1GC                                  = true                                      {product} {ergonomic}
     bool UseLargePagesIndividualAllocation        = false                                  {pd product} {ergonomic}

Logging:
Log output configuration:
 #0: stdout all=warning uptime,level,tags
 #1: stderr all=off uptime,level,tags

Environment Variables:
JAVA_HOME=C:\Users\dell\AppData\Local\Programs\Eclipse Adoptium\jdk-17.0.6.10-hotspot\
PATH=C:/Users/dell/.p2/pool/plugins/org.eclipse.justj.openjdk.hotspot.jre.full.win32.x86_64_17.0.4.v20220903-1038/jre/bin/server;C:/Users/dell/.p2/pool/plugins/org.eclipse.justj.openjdk.hotspot.jre.full.win32.x86_64_17.0.4.v20220903-1038/jre/bin;C:\WINDOWS\system32;C:\WINDOWS;C:\WINDOWS\System32\Wbem;C:\WINDOWS\System32\WindowsPowerShell\v1.0\;C:\WINDOWS\System32\OpenSSH\;C:\Users\dell\AppData\Local\Programs\Eclipse Adoptium\jdk-17.0.6.10-hotspot\bin;C:\Users\dell\AppData\Local\Microsoft\WindowsApps;;C:\Users\dell\AppData\Local\Programs\Microsoft VS Code\bin;C:\WINDOWS\system32;
USERNAME=dell
OS=Windows_NT
PROCESSOR_IDENTIFIER=Intel64 Family 6 Model 142 Stepping 9, GenuineIntel
TMP=C:\Users\dell\AppData\Local\Temp
TEMP=C:\Users\dell\AppData\Local\Temp



---------------  S Y S T E M  ---------------

OS:
 Windows 10 , 64 bit Build 19041 (10.0.19041.2546)
OS uptime: 14 days 7:05 hours

CPU: total 4 (initial active 4) (2 cores per cpu, 2 threads per core) family 6 model 142 stepping 9 microcode 0xea, cx8, cmov, fxsr, ht, mmx, 3dnowpref, sse, sse2, sse3, ssse3, sse4.1, sse4.2, popcnt, lzcnt, tsc, tscinvbit, avx, avx2, aes, erms, clmul, bmi1, bmi2, adx, fma, vzeroupper, clflush, clflushopt

Memory: 4k page, system-wide physical 6009M (1402M free)
TotalPageFile size 8057M (AvailPageFile size 5M)
current process WorkingSet (physical memory assigned to process): 46M, peak: 46M
current process commit charge ("private bytes"): 168M, peak: 168M

vm_info: OpenJDK 64-Bit Server VM (17.0.4.1+1) for windows-amd64 JRE (17.0.4.1+1), built on Aug 17 2022 07:42:43 by "temurin" with MS VC++ 16.7 (VS2019)

END.
